# JRE version: Java(TM) SE Runtime Environment (8.0-b124) (build 1.8.0-ea-b124)
# Java VM: Java HotSpot(TM) 64-Bit Server VM (25.0-b66 mixed mode linux-amd64 compressed oops)
Heap:
 PSYoungGen      total 97280K, used 70062K [0x00000000d8a00000, 0x00000000df580000, 0x0000000100000000)
  eden space 84480K, 82% used [0x00000000d8a00000,0x00000000dce6baf8,0x00000000ddc80000)
  from space 12800K, 0% used [0x00000000de900000,0x00000000de900000,0x00000000df580000)
  to   space 12800K, 0% used [0x00000000ddc80000,0x00000000ddc80000,0x00000000de900000)
 ParOldGen       total 192512K, used 68765K [0x0000000089e00000, 0x0000000095a00000, 0x00000000d8a00000)
  object space 192512K, 35% used [0x0000000089e00000,0x000000008e127690,0x0000000095a00000)
 Metaspace       used 91184K, capacity 98268K, committed 98736K, reserved 1134592K
  class space    used 10772K, capacity 12918K, committed 12976K, reserved 1048576K
GC Heap History (10 events):
Event: 2099.609 GC heap before
{Heap before GC invocations=186 (full 32):
 PSYoungGen      total 96256K, used 66581K [0x00000000d8a00000, 0x00000000df600000, 0x0000000100000000)
  eden space 83456K, 67% used [0x00000000d8a00000,0x00000000dc130440,0x00000000ddb80000)
  from space 12800K, 78% used [0x00000000ddb80000,0x00000000de554ff0,0x00000000de800000)
  to   space 13312K, 0% used [0x00000000de900000,0x00000000de900000,0x00000000df600000)
 ParOldGen       total 192512K, used 68541K [0x0000000089e00000, 0x0000000095a00000, 0x00000000d8a00000)
  object space 192512K, 35% used [0x0000000089e00000,0x000000008e0ef668,0x0000000095a00000)
 Metaspace       used 91116K, capacity 98268K, committed 98736K, reserved 1134592K
  class space    used 10771K, capacity 12918K, committed 12976K, reserved 1048576K
Event: 2099.625 GC heap after
Heap after GC invocations=186 (full 32):
 PSYoungGen      total 97280K, used 4123K [0x00000000d8a00000, 0x00000000df600000, 0x0000000100000000)
  eden space 83968K, 0% used [0x00000000d8a00000,0x00000000d8a00000,0x00000000ddc00000)
  from space 13312K, 30% used [0x00000000de900000,0x00000000ded06f00,0x00000000df600000)
  to   space 13312K, 0% used [0x00000000ddc00000,0x00000000ddc00000,0x00000000de900000)
 ParOldGen       total 192512K, used 68541K [0x0000000089e00000, 0x0000000095a00000, 0x00000000d8a00000)
  object space 192512K, 35% used [0x0000000089e00000,0x000000008e0ef668,0x0000000095a00000)
 Metaspace       used 91116K, capacity 98268K, committed 98736K, reserved 1134592K
  class space    used 10771K, capacity 12918K, committed 12976K, reserved 1048576K
}
Event: 2099.625 GC heap before
{Heap before GC invocations=187 (full 33):
 PSYoungGen      total 97280K, used 4123K [0x00000000d8a00000, 0x00000000df600000, 0x0000000100000000)
  eden space 83968K, 0% used [0x00000000d8a00000,0x00000000d8a00000,0x00000000ddc00000)
  from space 13312K, 30% used [0x00000000de900000,0x00000000ded06f00,0x00000000df600000)
  to   space 13312K, 0% used [0x00000000ddc00000,0x00000000ddc00000,0x00000000de900000)
 ParOldGen       total 192512K, used 68541K [0x0000000089e00000, 0x0000000095a00000, 0x00000000d8a00000)
  object space 192512K, 35% used [0x0000000089e00000,0x000000008e0ef668,0x0000000095a00000)
 Metaspace       used 91116K, capacity 98268K, committed 98736K, reserved 1134592K
  class space    used 10771K, capacity 12918K, committed 12976K, reserved 1048576K
Event: 2100.016 GC heap after
Heap after GC invocations=187 (full 33):
 PSYoungGen      total 97280K, used 0K [0x00000000d8a00000, 0x00000000df600000, 0x0000000100000000)
  eden space 83968K, 0% used [0x00000000d8a00000,0x00000000d8a00000,0x00000000ddc00000)
  from space 13312K, 0% used [0x00000000de900000,0x00000000de900000,0x00000000df600000)
  to   space 13312K, 0% used [0x00000000ddc00000,0x00000000ddc00000,0x00000000de900000)
 ParOldGen       total 192512K, used 69642K [0x0000000089e00000, 0x0000000095a00000, 0x00000000d8a00000)
  object space 192512K, 36% used [0x0000000089e00000,0x000000008e202970,0x0000000095a00000)
 Metaspace       used 91116K, capacity 98268K, committed 98736K, reserved 1134592K
  class space    used 10771K, capacity 12918K, committed 12976K, reserved 1048576K
}
Event: 2131.017 GC heap before
{Heap before GC invocations=188 (full 33):
 PSYoungGen      total 97280K, used 83968K [0x00000000d8a00000, 0x00000000df600000, 0x0000000100000000)
  eden space 83968K, 100% used [0x00000000d8a00000,0x00000000ddc00000,0x00000000ddc00000)
  from space 13312K, 0% used [0x00000000de900000,0x00000000de900000,0x00000000df600000)
  to   space 13312K, 0% used [0x00000000ddc00000,0x00000000ddc00000,0x00000000de900000)
 ParOldGen       total 192512K, used 69642K [0x0000000089e00000, 0x0000000095a00000, 0x00000000d8a00000)
  object space 192512K, 36% used [0x0000000089e00000,0x000000008e202970,0x0000000095a00000)
 Metaspace       used 91139K, capacity 98268K, committed 98736K, reserved 1134592K
  class space    used 10771K, capacity 12918K, committed 12976K, reserved 1048576K
Event: 2131.045 GC heap after
Heap after GC invocations=188 (full 33):
 PSYoungGen      total 97280K, used 4848K [0x00000000d8a00000, 0x00000000df580000, 0x0000000100000000)
  eden space 83968K, 0% used [0x00000000d8a00000,0x00000000d8a00000,0x00000000ddc00000)
  from space 13312K, 36% used [0x00000000ddc00000,0x00000000de0bc010,0x00000000de900000)
  to   space 12800K, 0% used [0x00000000de900000,0x00000000de900000,0x00000000df580000)
 ParOldGen       total 192512K, used 69642K [0x0000000089e00000, 0x0000000095a00000, 0x00000000d8a00000)
  object space 192512K, 36% used [0x0000000089e00000,0x000000008e202970,0x0000000095a00000)
 Metaspace       used 91139K, capacity 98268K, committed 98736K, reserved 1134592K
  class space    used 10771K, capacity 12918K, committed 12976K, reserved 1048576K
}
Event: 2159.610 GC heap before
{Heap before GC invocations=189 (full 33):
 PSYoungGen      total 97280K, used 42227K [0x00000000d8a00000, 0x00000000df580000, 0x0000000100000000)
  eden space 83968K, 44% used [0x00000000d8a00000,0x00000000dae80ea8,0x00000000ddc00000)
  from space 13312K, 36% used [0x00000000ddc00000,0x00000000de0bc010,0x00000000de900000)
  to   space 12800K, 0% used [0x00000000de900000,0x00000000de900000,0x00000000df580000)
 ParOldGen       total 192512K, used 69642K [0x0000000089e00000, 0x0000000095a00000, 0x00000000d8a00000)
  object space 192512K, 36% used [0x0000000089e00000,0x000000008e202970,0x0000000095a00000)
 Metaspace       used 91160K, capacity 98268K, committed 98736K, reserved 1134592K
  class space    used 10771K, capacity 12918K, committed 12976K, reserved 1048576K
Event: 2159.623 GC heap after
Heap after GC invocations=189 (full 33):
 PSYoungGen      total 97280K, used 2896K [0x00000000d8a00000, 0x00000000df580000, 0x0000000100000000)
  eden space 84480K, 0% used [0x00000000d8a00000,0x00000000d8a00000,0x00000000ddc80000)
  from space 12800K, 22% used [0x00000000de900000,0x00000000debd4010,0x00000000df580000)
  to   space 12800K, 0% used [0x00000000ddc80000,0x00000000ddc80000,0x00000000de900000)
 ParOldGen       total 192512K, used 69642K [0x0000000089e00000, 0x0000000095a00000, 0x00000000d8a00000)
  object space 192512K, 36% used [0x0000000089e00000,0x000000008e202970,0x0000000095a00000)
 Metaspace       used 91160K, capacity 98268K, committed 98736K, reserved 1134592K
  class space    used 10771K, capacity 12918K, committed 12976K, reserved 1048576K
}
Event: 2159.623 GC heap before
{Heap before GC invocations=190 (full 34):
 PSYoungGen      total 97280K, used 2896K [0x00000000d8a00000, 0x00000000df580000, 0x0000000100000000)
  eden space 84480K, 0% used [0x00000000d8a00000,0x00000000d8a00000,0x00000000ddc80000)
  from space 12800K, 22% used [0x00000000de900000,0x00000000debd4010,0x00000000df580000)
  to   space 12800K, 0% used [0x00000000ddc80000,0x00000000ddc80000,0x00000000de900000)
 ParOldGen       total 192512K, used 69642K [0x0000000089e00000, 0x0000000095a00000, 0x00000000d8a00000)
  object space 192512K, 36% used [0x0000000089e00000,0x000000008e202970,0x0000000095a00000)
 Metaspace       used 91160K, capacity 98268K, committed 98736K, reserved 1134592K
  class space    used 10771K, capacity 12918K, committed 12976K, reserved 1048576K
Event: 2159.849 GC heap after
Heap after GC invocations=190 (full 34):
 PSYoungGen      total 97280K, used 0K [0x00000000d8a00000, 0x00000000df580000, 0x0000000100000000)
  eden space 84480K, 0% used [0x00000000d8a00000,0x00000000d8a00000,0x00000000ddc80000)
  from space 12800K, 0% used [0x00000000de900000,0x00000000de900000,0x00000000df580000)
  to   space 12800K, 0% used [0x00000000ddc80000,0x00000000ddc80000,0x00000000de900000)
 ParOldGen       total 192512K, used 68765K [0x0000000089e00000, 0x0000000095a00000, 0x00000000d8a00000)
  object space 192512K, 35% used [0x0000000089e00000,0x000000008e127690,0x0000000095a00000)
 Metaspace       used 91160K, capacity 98268K, committed 98736K, reserved 1134592K
  class space    used 10771K, capacity 12918K, committed 12976K, reserved 1048576K
}

